{"C:\\Users\\sperez\\tddpractice\\src\\app.controller.ts": {"path":"C:\\Users\\sperez\\tddpractice\\src\\app.controller.ts","statementMap":{"0":{"start":{"line":1,"column":0},"end":{"line":1,"column":49}},"1":{"start":{"line":2,"column":0},"end":{"line":2,"column":43}},"2":{"start":{"line":5,"column":26},"end":{"line":12,"column":null}},"3":{"start":{"line":6,"column":31},"end":{"line":6,"column":43}},"4":{"start":{"line":10,"column":4},"end":{"line":10,"column":38}},"5":{"start":{"line":9,"column":2},"end":{"line":11,"column":null}},"6":{"start":{"line":5,"column":13},"end":{"line":12,"column":null}}},"fnMap":{"0":{"name":"(anonymous_2)","decl":{"start":{"line":6,"column":2},"end":{"line":6,"column":31}},"loc":{"start":{"line":6,"column":53},"end":{"line":6,"column":57}}},"1":{"name":"(anonymous_3)","decl":{"start":{"line":9,"column":2},"end":{"line":9,"column":10}},"loc":{"start":{"line":9,"column":10},"end":{"line":11,"column":3}}}},"branchMap":{},"s":{"0":1,"1":1,"2":1,"3":2,"4":1,"5":1,"6":1},"f":{"0":2,"1":1},"b":{}}
,"C:\\Users\\sperez\\tddpractice\\src\\app.module.ts": {"path":"C:\\Users\\sperez\\tddpractice\\src\\app.module.ts","statementMap":{"0":{"start":{"line":1,"column":0},"end":{"line":1,"column":40}},"1":{"start":{"line":2,"column":0},"end":{"line":2,"column":49}},"2":{"start":{"line":3,"column":0},"end":{"line":3,"column":43}},"3":{"start":{"line":4,"column":0},"end":{"line":4,"column":57}},"4":{"start":{"line":6,"column":0},"end":{"line":6,"column":69}},"5":{"start":{"line":13,"column":22},"end":{"line":13,"column":null}},"6":{"start":{"line":13,"column":13},"end":{"line":13,"column":null}}},"fnMap":{},"branchMap":{},"s":{"0":1,"1":1,"2":1,"3":1,"4":1,"5":1,"6":1},"f":{},"b":{}}
,"C:\\Users\\sperez\\tddpractice\\src\\app.service.ts": {"path":"C:\\Users\\sperez\\tddpractice\\src\\app.service.ts","statementMap":{"0":{"start":{"line":1,"column":0},"end":{"line":1,"column":44}},"1":{"start":{"line":4,"column":23},"end":{"line":8,"column":null}},"2":{"start":{"line":6,"column":4},"end":{"line":6,"column":26}},"3":{"start":{"line":4,"column":13},"end":{"line":8,"column":null}}},"fnMap":{"0":{"name":"(anonymous_1)","decl":{"start":{"line":5,"column":2},"end":{"line":5,"column":10}},"loc":{"start":{"line":5,"column":10},"end":{"line":7,"column":3}}}},"branchMap":{},"s":{"0":1,"1":1,"2":1,"3":1},"f":{"0":1},"b":{}}
,"C:\\Users\\sperez\\tddpractice\\src\\appointment\\appointment.module.ts": {"path":"C:\\Users\\sperez\\tddpractice\\src\\appointment\\appointment.module.ts","statementMap":{"0":{"start":{"line":1,"column":0},"end":{"line":1,"column":40}},"1":{"start":{"line":2,"column":0},"end":{"line":2,"column":58}},"2":{"start":{"line":3,"column":0},"end":{"line":3,"column":59}},"3":{"start":{"line":9,"column":30},"end":{"line":9,"column":null}},"4":{"start":{"line":9,"column":13},"end":{"line":9,"column":null}}},"fnMap":{},"branchMap":{},"s":{"0":1,"1":1,"2":1,"3":1,"4":1},"f":{},"b":{}}
,"C:\\Users\\sperez\\tddpractice\\src\\appointment\\appointment.service.ts": {"path":"C:\\Users\\sperez\\tddpractice\\src\\appointment\\appointment.service.ts","statementMap":{"0":{"start":{"line":2,"column":0},"end":{"line":2,"column":44}},"1":{"start":{"line":4,"column":0},"end":{"line":4,"column":60}},"2":{"start":{"line":16,"column":31},"end":{"line":54,"column":null}},"3":{"start":{"line":17,"column":31},"end":{"line":17,"column":47}},"4":{"start":{"line":24,"column":4},"end":{"line":26,"column":null}},"5":{"start":{"line":25,"column":8},"end":{"line":25,"column":null}},"6":{"start":{"line":28,"column":4},"end":{"line":31,"column":null}},"7":{"start":{"line":30,"column":6},"end":{"line":30,"column":89}},"8":{"start":{"line":33,"column":25},"end":{"line":33,"column":94}},"9":{"start":{"line":36,"column":4},"end":{"line":38,"column":null}},"10":{"start":{"line":37,"column":6},"end":{"line":37,"column":48}},"11":{"start":{"line":40,"column":4},"end":{"line":43,"column":6}},"12":{"start":{"line":48,"column":26},"end":{"line":48,"column":103}},"13":{"start":{"line":49,"column":29},"end":{"line":49,"column":110}},"14":{"start":{"line":50,"column":28},"end":{"line":50,"column":112}},"15":{"start":{"line":52,"column":3},"end":{"line":52,"column":61}},"16":{"start":{"line":16,"column":13},"end":{"line":54,"column":null}}},"fnMap":{"0":{"name":"(anonymous_2)","decl":{"start":{"line":17,"column":2},"end":{"line":17,"column":31}},"loc":{"start":{"line":17,"column":61},"end":{"line":17,"column":64}}},"1":{"name":"(anonymous_3)","decl":{"start":{"line":20,"column":9},"end":{"line":20,"column":14}},"loc":{"start":{"line":20,"column":68},"end":{"line":44,"column":3}}},"2":{"name":"(anonymous_4)","decl":{"start":{"line":46,"column":10},"end":{"line":46,"column":31}},"loc":{"start":{"line":46,"column":65},"end":{"line":53,"column":3}}}},"branchMap":{"0":{"loc":{"start":{"line":24,"column":4},"end":{"line":26,"column":null}},"type":"if","locations":[{"start":{"line":24,"column":4},"end":{"line":26,"column":null}}]},"1":{"loc":{"start":{"line":28,"column":4},"end":{"line":31,"column":null}},"type":"if","locations":[{"start":{"line":28,"column":4},"end":{"line":31,"column":null}}]},"2":{"loc":{"start":{"line":36,"column":4},"end":{"line":38,"column":null}},"type":"if","locations":[{"start":{"line":36,"column":4},"end":{"line":38,"column":null}}]},"3":{"loc":{"start":{"line":52,"column":10},"end":{"line":52,"column":60}},"type":"binary-expr","locations":[{"start":{"line":52,"column":10},"end":{"line":52,"column":23}},{"start":{"line":52,"column":27},"end":{"line":52,"column":42}},{"start":{"line":52,"column":46},"end":{"line":52,"column":60}}]}},"s":{"0":2,"1":2,"2":2,"3":9,"4":7,"5":2,"6":5,"7":3,"8":2,"9":2,"10":1,"11":1,"12":5,"13":5,"14":5,"15":5,"16":2},"f":{"0":9,"1":7,"2":5},"b":{"0":[2],"1":[3],"2":[1],"3":[5,2,2]}}
,"C:\\Users\\sperez\\tddpractice\\src\\patient\\patient.module.ts": {"path":"C:\\Users\\sperez\\tddpractice\\src\\patient\\patient.module.ts","statementMap":{"0":{"start":{"line":1,"column":0},"end":{"line":1,"column":40}},"1":{"start":{"line":2,"column":0},"end":{"line":2,"column":51}},"2":{"start":{"line":8,"column":26},"end":{"line":8,"column":null}},"3":{"start":{"line":8,"column":13},"end":{"line":8,"column":null}}},"fnMap":{},"branchMap":{},"s":{"0":2,"1":2,"2":2,"3":2},"f":{},"b":{}}
,"C:\\Users\\sperez\\tddpractice\\src\\patient\\patient.service.ts": {"path":"C:\\Users\\sperez\\tddpractice\\src\\patient\\patient.service.ts","statementMap":{"0":{"start":{"line":2,"column":0},"end":{"line":2,"column":44}},"1":{"start":{"line":12,"column":27},"end":{"line":29,"column":null}},"2":{"start":{"line":13,"column":21},"end":{"line":13,"column":46}},"3":{"start":{"line":14,"column":12},"end":{"line":14,"column":23}},"4":{"start":{"line":17,"column":26},"end":{"line":20,"column":10}},"5":{"start":{"line":21,"column":8},"end":{"line":21,"column":39}},"6":{"start":{"line":22,"column":8},"end":{"line":22,"column":26}},"7":{"start":{"line":26,"column":8},"end":{"line":26,"column":null}},"8":{"start":{"line":26,"column":45},"end":{"line":26,"column":68}},"9":{"start":{"line":12,"column":13},"end":{"line":29,"column":null}}},"fnMap":{"0":{"name":"(anonymous_1)","decl":{"start":{"line":12,"column":7},"end":{"line":12,"column":13}},"loc":{"start":{"line":12,"column":7},"end":{"line":29,"column":1}}},"1":{"name":"(anonymous_2)","decl":{"start":{"line":15,"column":4},"end":{"line":15,"column":9}},"loc":{"start":{"line":15,"column":45},"end":{"line":23,"column":5}}},"2":{"name":"(anonymous_3)","decl":{"start":{"line":25,"column":4},"end":{"line":25,"column":9}},"loc":{"start":{"line":25,"column":44},"end":{"line":27,"column":5}}},"3":{"name":"(anonymous_4)","decl":{"start":{"line":26,"column":34},"end":{"line":26,"column":35}},"loc":{"start":{"line":26,"column":45},"end":{"line":26,"column":68}}}},"branchMap":{},"s":{"0":3,"1":3,"2":14,"3":14,"4":6,"5":6,"6":6,"7":4,"8":2,"9":3},"f":{"0":14,"1":6,"2":4,"3":2},"b":{}}
}
