TN:
SF:tddpractice\src\app.controller.ts
FN:6,(anonymous_2)
FN:9,(anonymous_3)
FNF:2
FNH:0
FNDA:0,(anonymous_2)
FNDA:0,(anonymous_3)
DA:1,0
DA:2,0
DA:5,0
DA:6,0
DA:9,0
DA:10,0
LF:6
LH:0
BRF:0
BRH:0
end_of_record
TN:
SF:tddpractice\src\app.module.ts
FNF:0
FNH:0
DA:1,0
DA:2,0
DA:3,0
DA:4,0
DA:6,0
DA:13,0
LF:6
LH:0
BRF:0
BRH:0
end_of_record
TN:
SF:tddpractice\src\app.service.ts
FN:5,(anonymous_1)
FNF:1
FNH:0
FNDA:0,(anonymous_1)
DA:1,0
DA:4,0
DA:6,0
LF:3
LH:0
BRF:0
BRH:0
end_of_record
TN:
SF:tddpractice\src\appointment\appointment.module.ts
FNF:0
FNH:0
DA:1,0
DA:2,0
DA:3,0
DA:9,0
LF:4
LH:0
BRF:0
BRH:0
end_of_record
TN:
SF:tddpractice\src\appointment\appointment.service.ts
FN:17,(anonymous_2)
FN:20,(anonymous_3)
FN:46,(anonymous_4)
FNF:3
FNH:3
FNDA:8,(anonymous_2)
FNDA:7,(anonymous_3)
FNDA:5,(anonymous_4)
DA:2,1
DA:4,1
DA:16,1
DA:17,8
DA:24,7
DA:25,2
DA:28,5
DA:30,3
DA:33,2
DA:36,2
DA:37,1
DA:40,1
DA:48,5
DA:49,5
DA:50,5
DA:52,5
LF:16
LH:16
BRDA:24,0,0,2
BRDA:28,1,0,3
BRDA:36,2,0,1
BRDA:52,3,0,5
BRDA:52,3,1,2
BRDA:52,3,2,2
BRF:6
BRH:6
end_of_record
TN:
SF:tddpractice\src\helpers\create_date.helper.ts
FN:2,(anonymous_0)
FNF:1
FNH:1
FNDA:14,(anonymous_0)
DA:2,1
DA:4,14
LF:2
LH:2
BRF:0
BRH:0
end_of_record
TN:
SF:tddpractice\src\patient\patient.module.ts
FNF:0
FNH:0
DA:1,1
DA:2,1
DA:8,1
LF:3
LH:3
BRF:0
BRH:0
end_of_record
TN:
SF:tddpractice\src\patient\patient.service.ts
FN:12,(anonymous_1)
FN:15,(anonymous_2)
FN:25,(anonymous_3)
FN:26,(anonymous_4)
FNF:4
FNH:4
FNDA:13,(anonymous_1)
FNDA:6,(anonymous_2)
FNDA:4,(anonymous_3)
FNDA:2,(anonymous_4)
DA:2,2
DA:12,2
DA:13,13
DA:14,13
DA:17,6
DA:21,6
DA:22,6
DA:26,4
LF:8
LH:8
BRF:0
BRH:0
end_of_record
